C51 COMPILER V9.01   MAIN                                                                  11/21/2013 21:54:46 PAGE 1   


C51 COMPILER V9.01, COMPILATION OF MODULE MAIN
OBJECT MODULE PLACED IN main.OBJ
COMPILER INVOKED BY: C:\Keil\C51\BIN\C51.EXE main.c BROWSE DEBUG OBJECTEXTEND

line level    source

   1          #include <reg51.h>
   2          #include <intrins.h>
   3          
   4          #define GPIO_LED P2 //P2口另取名为GPIO_LED
   5          
   6          void Delay10ms(unsigned int);
   7          
   8          // Header:
   9          // File Name: 
  10          // Author:
  11          // Date:
  12          void main()
  13          {
  14   1              unsigned char n;
  15   1              GPIO_LED = 0x01;
  16   1              while(1)
  17   1              {
  18   2                      for(n=0;n<7;n++)
  19   2                      {
  20   3                              GPIO_LED = _crol_(GPIO_LED, 1);
  21   3                              Delay10ms(50);
  22   3                      }
  23   2                      for(n=0;n<7;n++)
  24   2                      {
  25   3                              GPIO_LED = _cror_(GPIO_LED, 1);
  26   3                              Delay10ms(50);
  27   3                      }
  28   2              }
  29   1      }
  30          
  31          /*******************************************************************************
  32          * 函数名         : Delay10ms
  33          * 函数功能                 : 延时函数，延时10ms
  34          * 输入           : 无
  35          * 输出           : 无
  36          *******************************************************************************/
  37          void Delay10ms(unsigned int c)   //误差 0us
  38          {
  39   1          unsigned char a,b;
  40   1          for(;c>0;c--)
  41   1              for(b=38;b>0;b--)
  42   1                  for(a=130;a>0;a--);
  43   1      }


MODULE INFORMATION:   STATIC OVERLAYABLE
   CODE SIZE        =     88    ----
   CONSTANT SIZE    =   ----    ----
   XDATA SIZE       =   ----    ----
   PDATA SIZE       =   ----    ----
   DATA SIZE        =   ----       1
   IDATA SIZE       =   ----    ----
   BIT SIZE         =   ----    ----
END OF MODULE INFORMATION.


C51 COMPILATION COMPLETE.  0 WARNING(S),  0 ERROR(S)
