C51 COMPILER V9.01   MAIN                                                                  11/19/2013 22:52:09 PAGE 1   


C51 COMPILER V9.01, COMPILATION OF MODULE MAIN
OBJECT MODULE PLACED IN main.OBJ
COMPILER INVOKED BY: C:\Keil\C51\BIN\C51.EXE main.c BROWSE DEBUG OBJECTEXTEND

line level    source

   1          #include<reg51.h>
   2          #include"Delay.h"
   3          
   4          sbit LED0 = P2^0;
   5          void main()
   6          {
   7   1              //P2=0x00;
   8   1              while(1)
   9   1              {
  10   2                      unsigned char i;
  11   2                      for(i=0; i<0xff; i++)
  12   2                      {
  13   3                              P2 = i;
  14   3                              Delay();
  15   3                      }
  16   2                      /*
  17   2                      P2 = 0x00;
  18   2                      Delay();
  19   2                      P2 = 0x01;
  20   2                      Delay();
  21   2                      P2 = 0x02;
  22   2                      Delay();
  23   2                      P2 = 0x04;
  24   2                      Delay();
  25   2                      P2 = 0x08;
  26   2                      Delay();
  27   2                      P2 = 0x10;
  28   2                      Delay();
  29   2                      P2 = 0x20;
  30   2                      Delay();
  31   2                      P2 = 0x40;
  32   2                      Delay();
  33   2                      P2 = 0x80;
  34   2                      Delay();
  35   2                      P2 = 0xff;
  36   2                      Delay();
  37   2                      P2 = 0xff;
  38   2                      Delay();
  39   2                      P2 = 0xff;
  40   2                      Delay();
  41   2                      P2 = 0xff;
  42   2                      Delay();
  43   2                      P2 = 0xff;
  44   2                      Delay();
  45   2                      P2 = 0xff;
  46   2                      Delay();
  47   2                      //LED0 = 0;
  48   2                      */
  49   2              }
  50   1      }


MODULE INFORMATION:   STATIC OVERLAYABLE
   CODE SIZE        =     20    ----
   CONSTANT SIZE    =   ----    ----
C51 COMPILER V9.01   MAIN                                                                  11/19/2013 22:52:09 PAGE 2   

   XDATA SIZE       =   ----    ----
   PDATA SIZE       =   ----    ----
   DATA SIZE        =   ----       1
   IDATA SIZE       =   ----    ----
   BIT SIZE         =   ----    ----
END OF MODULE INFORMATION.


C51 COMPILATION COMPLETE.  0 WARNING(S),  0 ERROR(S)
